2023-05-01 11:41:45,516 INFO com.yuripe.normalizator.NormalypApplication [main] Starting NormalypApplication using Java 17.0.2 on YPNB with PID 15628 (C:\Users\yurip\git\normalyp\normalyp\target\classes started by yurip in C:\Users\yurip\git\normalyp\normalyp)
2023-05-01 11:41:45,524 DEBUG com.yuripe.normalizator.NormalypApplication [main] Running with Spring Boot v2.7.5, Spring v5.3.23
2023-05-01 11:41:45,524 INFO com.yuripe.normalizator.NormalypApplication [main] No active profile set, falling back to 1 default profile: "default"
2023-05-01 11:41:46,927 DEBUG org.hibernate.type.BasicTypeRegistry [main] Adding type registration boolean -> org.hibernate.type.BooleanType@440ef8d
2023-05-01 11:41:46,928 DEBUG org.hibernate.type.BasicTypeRegistry [main] Adding type registration boolean -> org.hibernate.type.BooleanType@440ef8d
2023-05-01 11:41:46,928 DEBUG org.hibernate.type.BasicTypeRegistry [main] Adding type registration java.lang.Boolean -> org.hibernate.type.BooleanType@440ef8d
2023-05-01 11:41:46,929 DEBUG org.hibernate.type.BasicTypeRegistry [main] Adding type registration numeric_boolean -> org.hibernate.type.NumericBooleanType@3b170235
2023-05-01 11:41:46,929 DEBUG org.hibernate.type.BasicTypeRegistry [main] Adding type registration true_false -> org.hibernate.type.TrueFalseType@4b4814d0
2023-05-01 11:41:46,929 DEBUG org.hibernate.type.BasicTypeRegistry [main] Adding type registration yes_no -> org.hibernate.type.YesNoType@2b441e56
2023-05-01 11:41:46,930 DEBUG org.hibernate.type.BasicTypeRegistry [main] Adding type registration byte -> org.hibernate.type.ByteType@25699aa7
2023-05-01 11:41:46,930 DEBUG org.hibernate.type.BasicTypeRegistry [main] Adding type registration byte -> org.hibernate.type.ByteType@25699aa7
2023-05-01 11:41:46,930 DEBUG org.hibernate.type.BasicTypeRegistry [main] Adding type registration java.lang.Byte -> org.hibernate.type.ByteType@25699aa7
2023-05-01 11:41:46,931 DEBUG org.hibernate.type.BasicTypeRegistry [main] Adding type registration character -> org.hibernate.type.CharacterType@4662752a
2023-05-01 11:41:46,931 DEBUG org.hibernate.type.BasicTypeRegistry [main] Adding type registration char -> org.hibernate.type.CharacterType@4662752a
2023-05-01 11:41:46,931 DEBUG org.hibernate.type.BasicTypeRegistry [main] Adding type registration java.lang.Character -> org.hibernate.type.CharacterType@4662752a
2023-05-01 11:41:46,932 DEBUG org.hibernate.type.BasicTypeRegistry [main] Adding type registration short -> org.hibernate.type.ShortType@799f354a
2023-05-01 11:41:46,932 DEBUG org.hibernate.type.BasicTypeRegistry [main] Adding type registration short -> org.hibernate.type.ShortType@799f354a
2023-05-01 11:41:46,932 DEBUG org.hibernate.type.BasicTypeRegistry [main] Adding type registration java.lang.Short -> org.hibernate.type.ShortType@799f354a
2023-05-01 11:41:46,933 DEBUG org.hibernate.type.BasicTypeRegistry [main] Adding type registration integer -> org.hibernate.type.IntegerType@3ace6346
2023-05-01 11:41:46,933 DEBUG org.hibernate.type.BasicTypeRegistry [main] Adding type registration int -> org.hibernate.type.IntegerType@3ace6346
2023-05-01 11:41:46,933 DEBUG org.hibernate.type.BasicTypeRegistry [main] Adding type registration java.lang.Integer -> org.hibernate.type.IntegerType@3ace6346
2023-05-01 11:41:46,934 DEBUG org.hibernate.type.BasicTypeRegistry [main] Adding type registration long -> org.hibernate.type.LongType@11826398
2023-05-01 11:41:46,934 DEBUG org.hibernate.type.BasicTypeRegistry [main] Adding type registration long -> org.hibernate.type.LongType@11826398
2023-05-01 11:41:46,934 DEBUG org.hibernate.type.BasicTypeRegistry [main] Adding type registration java.lang.Long -> org.hibernate.type.LongType@11826398
2023-05-01 11:41:46,935 DEBUG org.hibernate.type.BasicTypeRegistry [main] Adding type registration float -> org.hibernate.type.FloatType@7a572ea0
2023-05-01 11:41:46,935 DEBUG org.hibernate.type.BasicTypeRegistry [main] Adding type registration float -> org.hibernate.type.FloatType@7a572ea0
2023-05-01 11:41:46,935 DEBUG org.hibernate.type.BasicTypeRegistry [main] Adding type registration java.lang.Float -> org.hibernate.type.FloatType@7a572ea0
2023-05-01 11:41:46,936 DEBUG org.hibernate.type.BasicTypeRegistry [main] Adding type registration double -> org.hibernate.type.DoubleType@63f9ddf9
2023-05-01 11:41:46,936 DEBUG org.hibernate.type.BasicTypeRegistry [main] Adding type registration double -> org.hibernate.type.DoubleType@63f9ddf9
2023-05-01 11:41:46,936 DEBUG org.hibernate.type.BasicTypeRegistry [main] Adding type registration java.lang.Double -> org.hibernate.type.DoubleType@63f9ddf9
2023-05-01 11:41:46,936 DEBUG org.hibernate.type.BasicTypeRegistry [main] Adding type registration big_decimal -> org.hibernate.type.BigDecimalType@7caf1e5
2023-05-01 11:41:46,936 DEBUG org.hibernate.type.BasicTypeRegistry [main] Adding type registration java.math.BigDecimal -> org.hibernate.type.BigDecimalType@7caf1e5
2023-05-01 11:41:46,936 DEBUG org.hibernate.type.BasicTypeRegistry [main] Adding type registration big_integer -> org.hibernate.type.BigIntegerType@5d9d2119
2023-05-01 11:41:46,937 DEBUG org.hibernate.type.BasicTypeRegistry [main] Adding type registration java.math.BigInteger -> org.hibernate.type.BigIntegerType@5d9d2119
2023-05-01 11:41:46,937 DEBUG org.hibernate.type.BasicTypeRegistry [main] Adding type registration string -> org.hibernate.type.StringType@2a04ab05
2023-05-01 11:41:46,937 DEBUG org.hibernate.type.BasicTypeRegistry [main] Adding type registration java.lang.String -> org.hibernate.type.StringType@2a04ab05
2023-05-01 11:41:46,938 DEBUG org.hibernate.type.BasicTypeRegistry [main] Adding type registration nstring -> org.hibernate.type.StringNVarcharType@250967f1
2023-05-01 11:41:46,938 DEBUG org.hibernate.type.BasicTypeRegistry [main] Adding type registration ncharacter -> org.hibernate.type.CharacterNCharType@15a8cebd
2023-05-01 11:41:46,938 DEBUG org.hibernate.type.BasicTypeRegistry [main] Adding type registration url -> org.hibernate.type.UrlType@3ffd4b12
2023-05-01 11:41:46,938 DEBUG org.hibernate.type.BasicTypeRegistry [main] Adding type registration java.net.URL -> org.hibernate.type.UrlType@3ffd4b12
2023-05-01 11:41:46,939 DEBUG org.hibernate.type.BasicTypeRegistry [main] Adding type registration Duration -> org.hibernate.type.DurationType@6793f752
2023-05-01 11:41:46,939 DEBUG org.hibernate.type.BasicTypeRegistry [main] Adding type registration java.time.Duration -> org.hibernate.type.DurationType@6793f752
2023-05-01 11:41:46,940 DEBUG org.hibernate.type.BasicTypeRegistry [main] Adding type registration Instant -> org.hibernate.type.InstantType@633ddc0c
2023-05-01 11:41:46,940 DEBUG org.hibernate.type.BasicTypeRegistry [main] Adding type registration java.time.Instant -> org.hibernate.type.InstantType@633ddc0c
2023-05-01 11:41:46,940 DEBUG org.hibernate.type.BasicTypeRegistry [main] Adding type registration LocalDateTime -> org.hibernate.type.LocalDateTimeType@54895681
2023-05-01 11:41:46,940 DEBUG org.hibernate.type.BasicTypeRegistry [main] Adding type registration java.time.LocalDateTime -> org.hibernate.type.LocalDateTimeType@54895681
2023-05-01 11:41:46,941 DEBUG org.hibernate.type.BasicTypeRegistry [main] Adding type registration LocalDate -> org.hibernate.type.LocalDateType@7f12094d
2023-05-01 11:41:46,941 DEBUG org.hibernate.type.BasicTypeRegistry [main] Adding type registration java.time.LocalDate -> org.hibernate.type.LocalDateType@7f12094d
2023-05-01 11:41:46,941 DEBUG org.hibernate.type.BasicTypeRegistry [main] Adding type registration LocalTime -> org.hibernate.type.LocalTimeType@8eb6f9a
2023-05-01 11:41:46,941 DEBUG org.hibernate.type.BasicTypeRegistry [main] Adding type registration java.time.LocalTime -> org.hibernate.type.LocalTimeType@8eb6f9a
2023-05-01 11:41:46,942 DEBUG org.hibernate.type.BasicTypeRegistry [main] Adding type registration OffsetDateTime -> org.hibernate.type.OffsetDateTimeType@4e8598d9
2023-05-01 11:41:46,942 DEBUG org.hibernate.type.BasicTypeRegistry [main] Adding type registration java.time.OffsetDateTime -> org.hibernate.type.OffsetDateTimeType@4e8598d9
2023-05-01 11:41:46,943 DEBUG org.hibernate.type.BasicTypeRegistry [main] Adding type registration OffsetTime -> org.hibernate.type.OffsetTimeType@2094bf3d
2023-05-01 11:41:46,943 DEBUG org.hibernate.type.BasicTypeRegistry [main] Adding type registration java.time.OffsetTime -> org.hibernate.type.OffsetTimeType@2094bf3d
2023-05-01 11:41:46,944 DEBUG org.hibernate.type.BasicTypeRegistry [main] Adding type registration ZonedDateTime -> org.hibernate.type.ZonedDateTimeType@7282af25
2023-05-01 11:41:46,944 DEBUG org.hibernate.type.BasicTypeRegistry [main] Adding type registration java.time.ZonedDateTime -> org.hibernate.type.ZonedDateTimeType@7282af25
2023-05-01 11:41:46,945 DEBUG org.hibernate.type.BasicTypeRegistry [main] Adding type registration date -> org.hibernate.type.DateType@5fb8dc01
2023-05-01 11:41:46,945 DEBUG org.hibernate.type.BasicTypeRegistry [main] Adding type registration java.sql.Date -> org.hibernate.type.DateType@5fb8dc01
2023-05-01 11:41:46,946 DEBUG org.hibernate.type.BasicTypeRegistry [main] Adding type registration time -> org.hibernate.type.TimeType@66020d69
2023-05-01 11:41:46,946 DEBUG org.hibernate.type.BasicTypeRegistry [main] Adding type registration java.sql.Time -> org.hibernate.type.TimeType@66020d69
2023-05-01 11:41:46,947 DEBUG org.hibernate.type.BasicTypeRegistry [main] Adding type registration timestamp -> org.hibernate.type.TimestampType@24a04257
2023-05-01 11:41:46,947 DEBUG org.hibernate.type.BasicTypeRegistry [main] Adding type registration java.sql.Timestamp -> org.hibernate.type.TimestampType@24a04257
2023-05-01 11:41:46,947 DEBUG org.hibernate.type.BasicTypeRegistry [main] Adding type registration java.util.Date -> org.hibernate.type.TimestampType@24a04257
2023-05-01 11:41:46,948 DEBUG org.hibernate.type.BasicTypeRegistry [main] Adding type registration dbtimestamp -> org.hibernate.type.DbTimestampType@6d6039df
2023-05-01 11:41:46,949 DEBUG org.hibernate.type.BasicTypeRegistry [main] Adding type registration calendar -> org.hibernate.type.CalendarType@7b5ac347
2023-05-01 11:41:46,949 DEBUG org.hibernate.type.BasicTypeRegistry [main] Adding type registration java.util.Calendar -> org.hibernate.type.CalendarType@7b5ac347
2023-05-01 11:41:46,949 DEBUG org.hibernate.type.BasicTypeRegistry [main] Adding type registration java.util.GregorianCalendar -> org.hibernate.type.CalendarType@7b5ac347
2023-05-01 11:41:46,949 DEBUG org.hibernate.type.BasicTypeRegistry [main] Adding type registration calendar_date -> org.hibernate.type.CalendarDateType@727986ad
2023-05-01 11:41:46,950 DEBUG org.hibernate.type.BasicTypeRegistry [main] Adding type registration calendar_time -> org.hibernate.type.CalendarTimeType@664db2ca
2023-05-01 11:41:46,950 DEBUG org.hibernate.type.BasicTypeRegistry [main] Adding type registration locale -> org.hibernate.type.LocaleType@401317a0
2023-05-01 11:41:46,950 DEBUG org.hibernate.type.BasicTypeRegistry [main] Adding type registration java.util.Locale -> org.hibernate.type.LocaleType@401317a0
2023-05-01 11:41:46,951 DEBUG org.hibernate.type.BasicTypeRegistry [main] Adding type registration currency -> org.hibernate.type.CurrencyType@22048bd6
2023-05-01 11:41:46,951 DEBUG org.hibernate.type.BasicTypeRegistry [main] Adding type registration java.util.Currency -> org.hibernate.type.CurrencyType@22048bd6
2023-05-01 11:41:46,951 DEBUG org.hibernate.type.BasicTypeRegistry [main] Adding type registration timezone -> org.hibernate.type.TimeZoneType@43c39321
2023-05-01 11:41:46,952 DEBUG org.hibernate.type.BasicTypeRegistry [main] Adding type registration java.util.TimeZone -> org.hibernate.type.TimeZoneType@43c39321
2023-05-01 11:41:46,952 DEBUG org.hibernate.type.BasicTypeRegistry [main] Adding type registration class -> org.hibernate.type.ClassType@6bcdd6e4
2023-05-01 11:41:46,952 DEBUG org.hibernate.type.BasicTypeRegistry [main] Adding type registration java.lang.Class -> org.hibernate.type.ClassType@6bcdd6e4
2023-05-01 11:41:46,952 DEBUG org.hibernate.type.BasicTypeRegistry [main] Adding type registration uuid-binary -> org.hibernate.type.UUIDBinaryType@ddffa6c
2023-05-01 11:41:46,953 DEBUG org.hibernate.type.BasicTypeRegistry [main] Adding type registration java.util.UUID -> org.hibernate.type.UUIDBinaryType@ddffa6c
2023-05-01 11:41:46,953 DEBUG org.hibernate.type.BasicTypeRegistry [main] Adding type registration uuid-char -> org.hibernate.type.UUIDCharType@2e3f324e
2023-05-01 11:41:46,953 DEBUG org.hibernate.type.BasicTypeRegistry [main] Adding type registration binary -> org.hibernate.type.BinaryType@b01cb8d
2023-05-01 11:41:46,953 DEBUG org.hibernate.type.BasicTypeRegistry [main] Adding type registration byte[] -> org.hibernate.type.BinaryType@b01cb8d
2023-05-01 11:41:46,954 DEBUG org.hibernate.type.BasicTypeRegistry [main] Adding type registration [B -> org.hibernate.type.BinaryType@b01cb8d
2023-05-01 11:41:46,954 DEBUG org.hibernate.type.BasicTypeRegistry [main] Adding type registration wrapper-binary -> org.hibernate.type.WrapperBinaryType@179ee36b
2023-05-01 11:41:46,954 DEBUG org.hibernate.type.BasicTypeRegistry [main] Adding type registration Byte[] -> org.hibernate.type.WrapperBinaryType@179ee36b
2023-05-01 11:41:46,954 DEBUG org.hibernate.type.BasicTypeRegistry [main] Adding type registration [Ljava.lang.Byte; -> org.hibernate.type.WrapperBinaryType@179ee36b
2023-05-01 11:41:46,955 DEBUG org.hibernate.type.BasicTypeRegistry [main] Adding type registration row_version -> org.hibernate.type.RowVersionType@197ce367
2023-05-01 11:41:46,955 DEBUG org.hibernate.type.BasicTypeRegistry [main] Adding type registration image -> org.hibernate.type.ImageType@36551e97
2023-05-01 11:41:46,956 DEBUG org.hibernate.type.BasicTypeRegistry [main] Adding type registration characters -> org.hibernate.type.CharArrayType@4ae280da
2023-05-01 11:41:46,956 DEBUG org.hibernate.type.BasicTypeRegistry [main] Adding type registration char[] -> org.hibernate.type.CharArrayType@4ae280da
2023-05-01 11:41:46,956 DEBUG org.hibernate.type.BasicTypeRegistry [main] Adding type registration [C -> org.hibernate.type.CharArrayType@4ae280da
2023-05-01 11:41:46,956 DEBUG org.hibernate.type.BasicTypeRegistry [main] Adding type registration wrapper-characters -> org.hibernate.type.CharacterArrayType@421ead7e
2023-05-01 11:41:46,956 DEBUG org.hibernate.type.BasicTypeRegistry [main] Adding type registration [Ljava.lang.Character; -> org.hibernate.type.CharacterArrayType@421ead7e
2023-05-01 11:41:46,957 DEBUG org.hibernate.type.BasicTypeRegistry [main] Adding type registration Character[] -> org.hibernate.type.CharacterArrayType@421ead7e
2023-05-01 11:41:46,957 DEBUG org.hibernate.type.BasicTypeRegistry [main] Adding type registration text -> org.hibernate.type.TextType@6826b70f
2023-05-01 11:41:46,957 DEBUG org.hibernate.type.BasicTypeRegistry [main] Adding type registration ntext -> org.hibernate.type.NTextType@5e67a490
2023-05-01 11:41:46,958 DEBUG org.hibernate.type.BasicTypeRegistry [main] Adding type registration blob -> org.hibernate.type.BlobType@c5e69a5
2023-05-01 11:41:46,958 DEBUG org.hibernate.type.BasicTypeRegistry [main] Adding type registration java.sql.Blob -> org.hibernate.type.BlobType@c5e69a5
2023-05-01 11:41:46,958 DEBUG org.hibernate.type.BasicTypeRegistry [main] Adding type registration materialized_blob -> org.hibernate.type.MaterializedBlobType@6682e6a5
2023-05-01 11:41:46,959 DEBUG org.hibernate.type.BasicTypeRegistry [main] Adding type registration clob -> org.hibernate.type.ClobType@30036a18
2023-05-01 11:41:46,959 DEBUG org.hibernate.type.BasicTypeRegistry [main] Adding type registration java.sql.Clob -> org.hibernate.type.ClobType@30036a18
2023-05-01 11:41:46,960 DEBUG org.hibernate.type.BasicTypeRegistry [main] Adding type registration nclob -> org.hibernate.type.NClobType@41fc0084
2023-05-01 11:41:46,960 DEBUG org.hibernate.type.BasicTypeRegistry [main] Adding type registration java.sql.NClob -> org.hibernate.type.NClobType@41fc0084
2023-05-01 11:41:46,960 DEBUG org.hibernate.type.BasicTypeRegistry [main] Adding type registration materialized_clob -> org.hibernate.type.MaterializedClobType@5f56424d
2023-05-01 11:41:46,962 DEBUG org.hibernate.type.BasicTypeRegistry [main] Adding type registration materialized_nclob -> org.hibernate.type.MaterializedNClobType@2b01c689
2023-05-01 11:41:46,964 DEBUG org.hibernate.type.BasicTypeRegistry [main] Adding type registration serializable -> org.hibernate.type.SerializableType@44dd0d38
2023-05-01 11:41:46,966 DEBUG org.hibernate.type.BasicTypeRegistry [main] Adding type registration object -> org.hibernate.type.ObjectType@987a0bb
2023-05-01 11:41:46,967 DEBUG org.hibernate.type.BasicTypeRegistry [main] Adding type registration java.lang.Object -> org.hibernate.type.ObjectType@987a0bb
2023-05-01 11:41:46,967 DEBUG org.hibernate.type.BasicTypeRegistry [main] Adding type registration imm_date -> org.hibernate.type.AdaptedImmutableType@3afca2c
2023-05-01 11:41:46,967 DEBUG org.hibernate.type.BasicTypeRegistry [main] Adding type registration imm_time -> org.hibernate.type.AdaptedImmutableType@3855d9b2
2023-05-01 11:41:46,967 DEBUG org.hibernate.type.BasicTypeRegistry [main] Adding type registration imm_timestamp -> org.hibernate.type.AdaptedImmutableType@39f42d0e
2023-05-01 11:41:46,967 DEBUG org.hibernate.type.BasicTypeRegistry [main] Adding type registration imm_dbtimestamp -> org.hibernate.type.AdaptedImmutableType@47a3d56a
2023-05-01 11:41:46,967 DEBUG org.hibernate.type.BasicTypeRegistry [main] Adding type registration imm_calendar -> org.hibernate.type.AdaptedImmutableType@3a209918
2023-05-01 11:41:46,969 DEBUG org.hibernate.type.BasicTypeRegistry [main] Adding type registration imm_calendar_date -> org.hibernate.type.AdaptedImmutableType@2cae5fa7
2023-05-01 11:41:46,969 DEBUG org.hibernate.type.BasicTypeRegistry [main] Adding type registration imm_binary -> org.hibernate.type.AdaptedImmutableType@34aa8b61
2023-05-01 11:41:46,969 DEBUG org.hibernate.type.BasicTypeRegistry [main] Adding type registration imm_serializable -> org.hibernate.type.AdaptedImmutableType@6d7b001b
2023-05-01 11:41:47,293 DEBUG org.hibernate.type.spi.TypeConfiguration$Scope [main] Scoping TypeConfiguration [org.hibernate.type.spi.TypeConfiguration@1805ec96] to MetadataBuildingContext [org.hibernate.boot.internal.MetadataBuildingContextRootImpl@32ba5c65]
2023-05-01 11:41:47,585 DEBUG org.hibernate.type.EnumType [main] Using NAMED-based conversion for Enum com.yuripe.normalizator.models.EVehicleType
2023-05-01 11:41:47,587 DEBUG org.hibernate.type.EnumType [main] Using NAMED-based conversion for Enum com.yuripe.normalizator.models.ERole
2023-05-01 11:41:47,587 DEBUG org.hibernate.type.spi.TypeConfiguration$Scope [main] Scoping TypeConfiguration [org.hibernate.type.spi.TypeConfiguration@1805ec96] to SessionFactoryImpl [org.hibernate.internal.SessionFactoryImpl@7d156f8f]
2023-05-01 11:41:48,009 TRACE org.hibernate.type.spi.TypeConfiguration$Scope [main] Handling #sessionFactoryCreated from [org.hibernate.internal.SessionFactoryImpl@7d156f8f] for TypeConfiguration
2023-05-01 11:41:48,268 DEBUG com.yuripe.normalizator.security.jwt.AuthTokenFilter [main] Filter 'authenticationJwtTokenFilter' configured for use
2023-05-01 11:41:48,933 INFO com.yuripe.normalizator.NormalypApplication [main] Started NormalypApplication in 3.685 seconds (JVM running for 4.494)
2023-05-01 11:42:50,225 ERROR com.yuripe.normalizator.security.jwt.JwtUtils [http-nio-5000-exec-3] JWT token expired: JWT expired at 2023-04-23T15:41:33Z. Current time: 2023-05-01T11:42:50Z, a difference of 676877225 milliseconds.  Allowed clock skew: 0 milliseconds.
2023-05-01 11:42:50,237 ERROR com.yuripe.normalizator.security.jwt.AuthEntryPointJwt [http-nio-5000-exec-3] Unauthorized error: Full authentication is required to access this resource
2023-05-01 11:43:11,096 DEBUG org.hibernate.SQL [http-nio-5000-exec-5] 
    select
        employee0_.employee_id as employee1_2_,
        employee0_.email as email2_2_,
        employee0_.name as name3_2_,
        employee0_.password as password4_2_,
        employee0_.surname as surname5_2_,
        employee0_.username as username6_2_ 
    from
        employees employee0_ 
    where
        employee0_.username=?
2023-05-01 11:43:11,097 TRACE org.hibernate.type.descriptor.sql.BasicBinder [http-nio-5000-exec-5] binding parameter [1] as [VARCHAR] - [yuripetrillo2]
2023-05-01 11:43:11,102 TRACE org.hibernate.type.descriptor.sql.BasicExtractor [http-nio-5000-exec-5] extracted value ([employee1_2_] : [BIGINT]) - [1]
2023-05-01 11:43:11,106 TRACE org.hibernate.type.descriptor.sql.BasicExtractor [http-nio-5000-exec-5] extracted value ([email2_2_] : [VARCHAR]) - [yuripetrillo@yuripetrillo.it]
2023-05-01 11:43:11,107 TRACE org.hibernate.type.descriptor.sql.BasicExtractor [http-nio-5000-exec-5] extracted value ([name3_2_] : [VARCHAR]) - [yuri]
2023-05-01 11:43:11,107 TRACE org.hibernate.type.descriptor.sql.BasicExtractor [http-nio-5000-exec-5] extracted value ([password4_2_] : [VARCHAR]) - [$2a$10$i/FCLvbUCiaQSJYO.D3EC.zzWzCpSu9vus.GK61Da2S0zthohER96]
2023-05-01 11:43:11,107 TRACE org.hibernate.type.descriptor.sql.BasicExtractor [http-nio-5000-exec-5] extracted value ([surname5_2_] : [VARCHAR]) - [petrillo]
2023-05-01 11:43:11,107 TRACE org.hibernate.type.descriptor.sql.BasicExtractor [http-nio-5000-exec-5] extracted value ([username6_2_] : [VARCHAR]) - [yuripetrillo2]
2023-05-01 11:43:11,116 TRACE org.hibernate.type.CollectionType [http-nio-5000-exec-5] Created collection wrapper: [com.yuripe.normalizator.models.Employee.roles#1]
2023-05-01 11:43:11,121 DEBUG org.hibernate.SQL [http-nio-5000-exec-5] 
    select
        roles0_.employee_id as employee1_7_0_,
        roles0_.role_id as role_id2_7_0_,
        role1_.role_id as role_id1_5_1_,
        role1_.name as name2_5_1_ 
    from
        employee_roles roles0_ 
    inner join
        roles role1_ 
            on roles0_.role_id=role1_.role_id 
    where
        roles0_.employee_id=?
2023-05-01 11:43:11,121 TRACE org.hibernate.type.descriptor.sql.BasicBinder [http-nio-5000-exec-5] binding parameter [1] as [BIGINT] - [1]
2023-05-01 11:43:11,129 TRACE org.hibernate.type.descriptor.sql.BasicExtractor [http-nio-5000-exec-5] extracted value ([role_id1_5_1_] : [INTEGER]) - [1]
2023-05-01 11:43:11,130 TRACE org.hibernate.type.descriptor.sql.BasicExtractor [http-nio-5000-exec-5] extracted value ([name2_5_1_] : [VARCHAR]) - [ROLE_USER]
2023-05-01 11:43:11,131 TRACE org.hibernate.type.descriptor.sql.BasicExtractor [http-nio-5000-exec-5] extracted value ([employee1_7_0_] : [BIGINT]) - [1]
2023-05-01 11:43:11,131 TRACE org.hibernate.type.descriptor.sql.BasicExtractor [http-nio-5000-exec-5] extracted value ([role_id2_7_0_] : [INTEGER]) - [1]
2023-05-01 11:43:29,665 DEBUG org.hibernate.SQL [http-nio-5000-exec-2] 
    select
        employee0_.employee_id as employee1_2_,
        employee0_.email as email2_2_,
        employee0_.name as name3_2_,
        employee0_.password as password4_2_,
        employee0_.surname as surname5_2_,
        employee0_.username as username6_2_ 
    from
        employees employee0_ 
    where
        employee0_.username=?
2023-05-01 11:43:29,666 TRACE org.hibernate.type.descriptor.sql.BasicBinder [http-nio-5000-exec-2] binding parameter [1] as [VARCHAR] - [yuripetrillo2]
2023-05-01 11:43:29,667 TRACE org.hibernate.type.descriptor.sql.BasicExtractor [http-nio-5000-exec-2] extracted value ([employee1_2_] : [BIGINT]) - [1]
2023-05-01 11:43:29,667 TRACE org.hibernate.type.descriptor.sql.BasicExtractor [http-nio-5000-exec-2] extracted value ([email2_2_] : [VARCHAR]) - [yuripetrillo@yuripetrillo.it]
2023-05-01 11:43:29,667 TRACE org.hibernate.type.descriptor.sql.BasicExtractor [http-nio-5000-exec-2] extracted value ([name3_2_] : [VARCHAR]) - [yuri]
2023-05-01 11:43:29,668 TRACE org.hibernate.type.descriptor.sql.BasicExtractor [http-nio-5000-exec-2] extracted value ([password4_2_] : [VARCHAR]) - [$2a$10$i/FCLvbUCiaQSJYO.D3EC.zzWzCpSu9vus.GK61Da2S0zthohER96]
2023-05-01 11:43:29,668 TRACE org.hibernate.type.descriptor.sql.BasicExtractor [http-nio-5000-exec-2] extracted value ([surname5_2_] : [VARCHAR]) - [petrillo]
2023-05-01 11:43:29,668 TRACE org.hibernate.type.descriptor.sql.BasicExtractor [http-nio-5000-exec-2] extracted value ([username6_2_] : [VARCHAR]) - [yuripetrillo2]
2023-05-01 11:43:29,668 TRACE org.hibernate.type.CollectionType [http-nio-5000-exec-2] Created collection wrapper: [com.yuripe.normalizator.models.Employee.roles#1]
2023-05-01 11:43:29,669 DEBUG org.hibernate.SQL [http-nio-5000-exec-2] 
    select
        roles0_.employee_id as employee1_7_0_,
        roles0_.role_id as role_id2_7_0_,
        role1_.role_id as role_id1_5_1_,
        role1_.name as name2_5_1_ 
    from
        employee_roles roles0_ 
    inner join
        roles role1_ 
            on roles0_.role_id=role1_.role_id 
    where
        roles0_.employee_id=?
2023-05-01 11:43:29,669 TRACE org.hibernate.type.descriptor.sql.BasicBinder [http-nio-5000-exec-2] binding parameter [1] as [BIGINT] - [1]
2023-05-01 11:43:29,670 TRACE org.hibernate.type.descriptor.sql.BasicExtractor [http-nio-5000-exec-2] extracted value ([role_id1_5_1_] : [INTEGER]) - [1]
2023-05-01 11:43:29,670 TRACE org.hibernate.type.descriptor.sql.BasicExtractor [http-nio-5000-exec-2] extracted value ([name2_5_1_] : [VARCHAR]) - [ROLE_USER]
2023-05-01 11:43:29,670 TRACE org.hibernate.type.descriptor.sql.BasicExtractor [http-nio-5000-exec-2] extracted value ([employee1_7_0_] : [BIGINT]) - [1]
2023-05-01 11:43:29,671 TRACE org.hibernate.type.descriptor.sql.BasicExtractor [http-nio-5000-exec-2] extracted value ([role_id2_7_0_] : [INTEGER]) - [1]
2023-05-01 11:43:29,696 DEBUG org.hibernate.SQL [http-nio-5000-exec-2] 
    select
        sftp0_.sftp_id as sftp_id1_6_,
        sftp0_.auth_type as auth_typ2_6_,
        sftp0_.code as code3_6_,
        sftp0_.host as host4_6_,
        sftp0_.password as password5_6_,
        sftp0_.port as port6_6_,
        sftp0_.username as username7_6_ 
    from
        sftp sftp0_ 
    where
        sftp0_.code=?
2023-05-01 11:43:29,696 TRACE org.hibernate.type.descriptor.sql.BasicBinder [http-nio-5000-exec-2] binding parameter [1] as [VARCHAR] - [LOCALHOST]
2023-05-01 11:43:29,700 TRACE org.hibernate.type.descriptor.sql.BasicExtractor [http-nio-5000-exec-2] extracted value ([sftp_id1_6_] : [BIGINT]) - [1]
2023-05-01 11:43:29,701 TRACE org.hibernate.type.descriptor.sql.BasicExtractor [http-nio-5000-exec-2] extracted value ([auth_typ2_6_] : [VARCHAR]) - [PASSWORD]
2023-05-01 11:43:29,701 TRACE org.hibernate.type.descriptor.sql.BasicExtractor [http-nio-5000-exec-2] extracted value ([code3_6_] : [VARCHAR]) - [LOCALHOST]
2023-05-01 11:43:29,701 TRACE org.hibernate.type.descriptor.sql.BasicExtractor [http-nio-5000-exec-2] extracted value ([host4_6_] : [VARCHAR]) - [127.0.0.1]
2023-05-01 11:43:29,701 TRACE org.hibernate.type.descriptor.sql.BasicExtractor [http-nio-5000-exec-2] extracted value ([password5_6_] : [VARCHAR]) - [adminftp]
2023-05-01 11:43:29,701 TRACE org.hibernate.type.descriptor.sql.BasicExtractor [http-nio-5000-exec-2] extracted value ([port6_6_] : [INTEGER]) - [21]
2023-05-01 11:43:29,701 TRACE org.hibernate.type.descriptor.sql.BasicExtractor [http-nio-5000-exec-2] extracted value ([username7_6_] : [VARCHAR]) - [yuri]
